2023-08-03 08:43:50.616 +05:30 [INF] User profile is available. Using 'C:\Users\Krishna\AppData\Local\ASP.NET\DataProtection-Keys' as key repository and Windows DPAPI to encrypt keys at rest.
2023-08-03 08:43:59.783 +05:30 [INF] Executed DbCommand (389ms) [Parameters=[@__normalizedName_0='?' (Size = 256)], CommandType='"Text"', CommandTimeout='30']
SELECT TOP(1) [a].[Id], [a].[ConcurrencyStamp], [a].[Name], [a].[NormalizedName]
FROM [AspNetRoles] AS [a]
WHERE [a].[NormalizedName] = @__normalizedName_0
2023-08-03 08:44:00.104 +05:30 [INF] Executed DbCommand (7ms) [Parameters=[@__normalizedName_0='?' (Size = 256)], CommandType='"Text"', CommandTimeout='30']
SELECT TOP(1) [a].[Id], [a].[ConcurrencyStamp], [a].[Name], [a].[NormalizedName]
FROM [AspNetRoles] AS [a]
WHERE [a].[NormalizedName] = @__normalizedName_0
2023-08-03 08:44:00.745 +05:30 [INF] Now listening on: http://localhost:5054
2023-08-03 08:44:00.752 +05:30 [INF] Application started. Press Ctrl+C to shut down.
2023-08-03 08:44:00.752 +05:30 [INF] Hosting environment: Development
2023-08-03 08:44:00.752 +05:30 [INF] Content root path: E:\IDM
2023-08-03 08:44:05.466 +05:30 [INF] Request starting HTTP/1.1 GET http://localhost:5054/ - -
2023-08-03 08:44:06.029 +05:30 [WRN] Failed to determine the https port for redirect.
2023-08-03 08:44:07.280 +05:30 [INF] Executed DbCommand (294ms) [Parameters=[@__p_0='?' (Size = 450)], CommandType='"Text"', CommandTimeout='30']
SELECT TOP(1) [a].[Id], [a].[AccessFailedCount], [a].[ConcurrencyStamp], [a].[Email], [a].[EmailConfirmed], [a].[LockoutEnabled], [a].[LockoutEnd], [a].[NormalizedEmail], [a].[NormalizedUserName], [a].[PasswordHash], [a].[PhoneNumber], [a].[PhoneNumberConfirmed], [a].[SecurityStamp], [a].[TwoFactorEnabled], [a].[UserName]
FROM [AspNetUsers] AS [a]
WHERE [a].[Id] = @__p_0
2023-08-03 08:44:07.834 +05:30 [INF] Executed DbCommand (69ms) [Parameters=[@__user_Id_0='?' (Size = 450)], CommandType='"Text"', CommandTimeout='30']
SELECT [a].[Id], [a].[ClaimType], [a].[ClaimValue], [a].[UserId]
FROM [AspNetUserClaims] AS [a]
WHERE [a].[UserId] = @__user_Id_0
2023-08-03 08:44:07.947 +05:30 [INF] Executed DbCommand (8ms) [Parameters=[@__userId_0='?' (Size = 450)], CommandType='"Text"', CommandTimeout='30']
SELECT [a0].[Name]
FROM [AspNetUserRoles] AS [a]
INNER JOIN [AspNetRoles] AS [a0] ON [a].[RoleId] = [a0].[Id]
WHERE [a].[UserId] = @__userId_0
2023-08-03 08:44:07.965 +05:30 [INF] Executed DbCommand (8ms) [Parameters=[@__normalizedName_0='?' (Size = 256)], CommandType='"Text"', CommandTimeout='30']
SELECT TOP(1) [a].[Id], [a].[ConcurrencyStamp], [a].[Name], [a].[NormalizedName]
FROM [AspNetRoles] AS [a]
WHERE [a].[NormalizedName] = @__normalizedName_0
2023-08-03 08:44:07.994 +05:30 [INF] Executed DbCommand (7ms) [Parameters=[@__role_Id_0='?' (Size = 450)], CommandType='"Text"', CommandTimeout='30']
SELECT [a].[ClaimType], [a].[ClaimValue]
FROM [AspNetRoleClaims] AS [a]
WHERE [a].[RoleId] = @__role_Id_0
2023-08-03 08:44:08.055 +05:30 [INF] Executing endpoint 'IDM.Controllers.HomeController.Index (IDM)'
2023-08-03 08:44:08.254 +05:30 [INF] Route matched with {action = "Index", controller = "Home", page = "", area = ""}. Executing controller action with signature Microsoft.AspNetCore.Mvc.IActionResult Index() on controller IDM.Controllers.HomeController (IDM).
2023-08-03 08:44:08.341 +05:30 [INF] Executing ViewResult, running view Index.
2023-08-03 08:44:09.280 +05:30 [INF] Executed ViewResult - view Index executed in 969.9517ms.
2023-08-03 08:44:09.283 +05:30 [INF] Executed action IDM.Controllers.HomeController.Index (IDM) in 1027.0119ms
2023-08-03 08:44:09.283 +05:30 [INF] Executed endpoint 'IDM.Controllers.HomeController.Index (IDM)'
2023-08-03 08:44:09.457 +05:30 [INF] Request finished HTTP/1.1 GET http://localhost:5054/ - - - 200 - text/html;+charset=utf-8 3996.2074ms
2023-08-03 08:44:11.081 +05:30 [INF] Request starting HTTP/1.1 GET http://localhost:5054/_framework/aspnetcore-browser-refresh.js - -
2023-08-03 08:44:11.085 +05:30 [INF] Request finished HTTP/1.1 GET http://localhost:5054/_framework/aspnetcore-browser-refresh.js - - - 200 11966 application/javascript;+charset=utf-8 4.1734ms
2023-08-03 08:44:23.931 +05:30 [INF] Request starting HTTP/1.1 POST http://localhost:5054/Identity/Account/Logout?returnUrl=%2F application/x-www-form-urlencoded 225
2023-08-03 08:44:23.951 +05:30 [INF] Executing endpoint '/Account/Logout'
2023-08-03 08:44:24.442 +05:30 [INF] Route matched with {page = "/Account/Logout", area = "Identity", action = "", controller = ""}. Executing page /Account/Logout
2023-08-03 08:44:24.874 +05:30 [INF] Executing handler method IDM.Areas.Identity.Pages.Account.LogoutModel.OnPost - ModelState is "Valid"
2023-08-03 08:44:24.913 +05:30 [INF] AuthenticationScheme: Identity.Application signed out.
2023-08-03 08:44:24.941 +05:30 [INF] AuthenticationScheme: Identity.External signed out.
2023-08-03 08:44:24.942 +05:30 [INF] AuthenticationScheme: Identity.TwoFactorUserId signed out.
2023-08-03 08:44:24.943 +05:30 [INF] User logged out.
2023-08-03 08:44:25.001 +05:30 [INF] Executed handler method OnPost, returned result Microsoft.AspNetCore.Mvc.LocalRedirectResult.
2023-08-03 08:44:25.028 +05:30 [INF] Executing LocalRedirectResult, redirecting to /.
2023-08-03 08:44:25.030 +05:30 [INF] Executed page /Account/Logout in 586.8337ms
2023-08-03 08:44:25.030 +05:30 [INF] Executed endpoint '/Account/Logout'
2023-08-03 08:44:25.032 +05:30 [INF] Request finished HTTP/1.1 POST http://localhost:5054/Identity/Account/Logout?returnUrl=%2F application/x-www-form-urlencoded 225 - 302 0 - 1100.4681ms
2023-08-03 08:44:25.062 +05:30 [INF] Request starting HTTP/1.1 GET http://localhost:5054/ - -
2023-08-03 08:44:25.064 +05:30 [INF] Executing endpoint 'IDM.Controllers.HomeController.Index (IDM)'
2023-08-03 08:44:25.065 +05:30 [INF] Route matched with {action = "Index", controller = "Home", page = "", area = ""}. Executing controller action with signature Microsoft.AspNetCore.Mvc.IActionResult Index() on controller IDM.Controllers.HomeController (IDM).
2023-08-03 08:44:25.071 +05:30 [INF] Executing ViewResult, running view Index.
2023-08-03 08:44:25.118 +05:30 [INF] Executed ViewResult - view Index executed in 49.6881ms.
2023-08-03 08:44:25.118 +05:30 [INF] Executed action IDM.Controllers.HomeController.Index (IDM) in 52.8237ms
2023-08-03 08:44:25.119 +05:30 [INF] Executed endpoint 'IDM.Controllers.HomeController.Index (IDM)'
2023-08-03 08:44:25.121 +05:30 [INF] Request finished HTTP/1.1 GET http://localhost:5054/ - - - 200 - text/html;+charset=utf-8 57.7398ms
2023-08-03 08:44:25.476 +05:30 [INF] Request starting HTTP/1.1 GET http://localhost:5054/_framework/aspnetcore-browser-refresh.js - -
2023-08-03 08:44:25.479 +05:30 [INF] Request finished HTTP/1.1 GET http://localhost:5054/_framework/aspnetcore-browser-refresh.js - - - 200 11966 application/javascript;+charset=utf-8 2.7218ms
2023-08-03 08:44:25.744 +05:30 [INF] Request starting HTTP/1.1 GET http://localhost:5054/Identity/Account/Login - -
2023-08-03 08:44:25.752 +05:30 [INF] Executing endpoint '/Account/Login'
2023-08-03 08:44:25.830 +05:30 [INF] Route matched with {page = "/Account/Login", area = "Identity", action = "", controller = ""}. Executing page /Account/Login
2023-08-03 08:44:25.848 +05:30 [INF] Executing handler method IDM.Areas.Identity.Pages.Account.LoginModel.OnGetAsync - ModelState is "Valid"
2023-08-03 08:44:25.850 +05:30 [INF] AuthenticationScheme: Identity.External signed out.
2023-08-03 08:44:25.852 +05:30 [INF] Executed handler method OnGetAsync, returned result .
2023-08-03 08:44:25.858 +05:30 [INF] Executing an implicit handler method - ModelState is "Valid"
2023-08-03 08:44:25.858 +05:30 [INF] Executed an implicit handler method, returned result Microsoft.AspNetCore.Mvc.RazorPages.PageResult.
2023-08-03 08:44:26.474 +05:30 [INF] Executed page /Account/Login in 644.1355ms
2023-08-03 08:44:26.475 +05:30 [INF] Executed endpoint '/Account/Login'
2023-08-03 08:44:26.475 +05:30 [INF] Request finished HTTP/1.1 GET http://localhost:5054/Identity/Account/Login - - - 200 - text/html;+charset=utf-8 731.5261ms
2023-08-03 08:44:26.826 +05:30 [INF] Request starting HTTP/1.1 GET http://localhost:5054/Identity/Account/js/main.js - -
2023-08-03 08:44:26.826 +05:30 [INF] Request starting HTTP/1.1 GET http://localhost:5054/Identity/Account/js/jquery.min.js - -
2023-08-03 08:44:26.828 +05:30 [INF] Request starting HTTP/1.1 GET http://localhost:5054/Identity/Account/js/bootstrap.min.js - -
2023-08-03 08:44:26.828 +05:30 [INF] Request starting HTTP/1.1 GET http://localhost:5054/Identity/Account/js/popper.js - -
2023-08-03 08:44:26.829 +05:30 [INF] Request finished HTTP/1.1 GET http://localhost:5054/Identity/Account/js/main.js - - - 404 0 - 2.9615ms
2023-08-03 08:44:26.829 +05:30 [INF] Request finished HTTP/1.1 GET http://localhost:5054/Identity/Account/js/jquery.min.js - - - 404 0 - 2.9868ms
2023-08-03 08:44:26.829 +05:30 [INF] Request finished HTTP/1.1 GET http://localhost:5054/Identity/Account/js/popper.js - - - 404 0 - 0.8534ms
2023-08-03 08:44:26.829 +05:30 [INF] Request finished HTTP/1.1 GET http://localhost:5054/Identity/Account/js/bootstrap.min.js - - - 404 0 - 1.0927ms
2023-08-03 08:44:26.876 +05:30 [INF] Request starting HTTP/1.1 GET http://localhost:5054/_framework/aspnetcore-browser-refresh.js - -
2023-08-03 08:44:26.877 +05:30 [INF] Request finished HTTP/1.1 GET http://localhost:5054/_framework/aspnetcore-browser-refresh.js - - - 200 11966 application/javascript;+charset=utf-8 0.3540ms
2023-08-03 08:44:57.915 +05:30 [INF] Request starting HTTP/1.1 POST http://localhost:5054/Identity/Account/Login application/x-www-form-urlencoded 295
2023-08-03 08:44:57.916 +05:30 [INF] Executing endpoint '/Account/Login'
2023-08-03 08:44:57.918 +05:30 [INF] Route matched with {page = "/Account/Login", area = "Identity", action = "", controller = ""}. Executing page /Account/Login
2023-08-03 08:44:57.963 +05:30 [INF] Executing handler method IDM.Areas.Identity.Pages.Account.LoginModel.OnPostAsync - ModelState is "Valid"
2023-08-03 08:44:58.493 +05:30 [INF] Executed DbCommand (493ms) [Parameters=[@__normalizedUserName_0='?' (Size = 256)], CommandType='"Text"', CommandTimeout='30']
SELECT TOP(1) [a].[Id], [a].[AccessFailedCount], [a].[ConcurrencyStamp], [a].[Email], [a].[EmailConfirmed], [a].[LockoutEnabled], [a].[LockoutEnd], [a].[NormalizedEmail], [a].[NormalizedUserName], [a].[PasswordHash], [a].[PhoneNumber], [a].[PhoneNumberConfirmed], [a].[SecurityStamp], [a].[TwoFactorEnabled], [a].[UserName]
FROM [AspNetUsers] AS [a]
WHERE [a].[NormalizedUserName] = @__normalizedUserName_0
2023-08-03 08:44:58.875 +05:30 [INF] Executed DbCommand (7ms) [Parameters=[@__user_Id_0='?' (Size = 450)], CommandType='"Text"', CommandTimeout='30']
SELECT [a].[Id], [a].[ClaimType], [a].[ClaimValue], [a].[UserId]
FROM [AspNetUserClaims] AS [a]
WHERE [a].[UserId] = @__user_Id_0
2023-08-03 08:44:58.914 +05:30 [INF] Executed DbCommand (34ms) [Parameters=[@__userId_0='?' (Size = 450)], CommandType='"Text"', CommandTimeout='30']
SELECT [a0].[Name]
FROM [AspNetUserRoles] AS [a]
INNER JOIN [AspNetRoles] AS [a0] ON [a].[RoleId] = [a0].[Id]
WHERE [a].[UserId] = @__userId_0
2023-08-03 08:44:58.927 +05:30 [INF] Executed DbCommand (12ms) [Parameters=[@__normalizedName_0='?' (Size = 256)], CommandType='"Text"', CommandTimeout='30']
SELECT TOP(1) [a].[Id], [a].[ConcurrencyStamp], [a].[Name], [a].[NormalizedName]
FROM [AspNetRoles] AS [a]
WHERE [a].[NormalizedName] = @__normalizedName_0
2023-08-03 08:44:58.935 +05:30 [INF] Executed DbCommand (4ms) [Parameters=[@__role_Id_0='?' (Size = 450)], CommandType='"Text"', CommandTimeout='30']
SELECT [a].[ClaimType], [a].[ClaimValue]
FROM [AspNetRoleClaims] AS [a]
WHERE [a].[RoleId] = @__role_Id_0
2023-08-03 08:44:58.947 +05:30 [INF] AuthenticationScheme: Identity.Application signed in.
2023-08-03 08:44:58.950 +05:30 [INF] User logged in.
2023-08-03 08:44:58.954 +05:30 [INF] Executed handler method OnPostAsync, returned result Microsoft.AspNetCore.Mvc.LocalRedirectResult.
2023-08-03 08:44:58.963 +05:30 [INF] Executing LocalRedirectResult, redirecting to /.
2023-08-03 08:44:58.965 +05:30 [INF] Executed page /Account/Login in 1047.3566ms
2023-08-03 08:44:58.966 +05:30 [INF] Executed endpoint '/Account/Login'
2023-08-03 08:44:58.967 +05:30 [INF] Request finished HTTP/1.1 POST http://localhost:5054/Identity/Account/Login application/x-www-form-urlencoded 295 - 302 0 - 1051.9818ms
2023-08-03 08:44:58.977 +05:30 [INF] Request starting HTTP/1.1 GET http://localhost:5054/ - -
2023-08-03 08:44:58.982 +05:30 [INF] Executing endpoint 'IDM.Controllers.HomeController.Index (IDM)'
2023-08-03 08:44:58.982 +05:30 [INF] Route matched with {action = "Index", controller = "Home", page = "", area = ""}. Executing controller action with signature Microsoft.AspNetCore.Mvc.IActionResult Index() on controller IDM.Controllers.HomeController (IDM).
2023-08-03 08:44:58.983 +05:30 [INF] Executing ViewResult, running view Index.
2023-08-03 08:44:58.993 +05:30 [INF] Executed ViewResult - view Index executed in 10.3301ms.
2023-08-03 08:44:58.993 +05:30 [INF] Executed action IDM.Controllers.HomeController.Index (IDM) in 10.8883ms
2023-08-03 08:44:58.993 +05:30 [INF] Executed endpoint 'IDM.Controllers.HomeController.Index (IDM)'
2023-08-03 08:44:58.994 +05:30 [INF] Request finished HTTP/1.1 GET http://localhost:5054/ - - - 200 - text/html;+charset=utf-8 16.5369ms
2023-08-03 08:44:59.075 +05:30 [INF] Request starting HTTP/1.1 GET http://localhost:5054/_framework/aspnetcore-browser-refresh.js - -
2023-08-03 08:44:59.075 +05:30 [INF] Request finished HTTP/1.1 GET http://localhost:5054/_framework/aspnetcore-browser-refresh.js - - - 200 11966 application/javascript;+charset=utf-8 0.5280ms
2023-08-03 08:45:02.987 +05:30 [INF] Request starting HTTP/1.1 POST http://localhost:5054/Identity/Account/Logout?returnUrl=%2F application/x-www-form-urlencoded 225
2023-08-03 08:45:02.993 +05:30 [INF] Executing endpoint '/Account/Logout'
2023-08-03 08:45:02.993 +05:30 [INF] Route matched with {page = "/Account/Logout", area = "Identity", action = "", controller = ""}. Executing page /Account/Logout
2023-08-03 08:45:02.995 +05:30 [INF] Executing handler method IDM.Areas.Identity.Pages.Account.LogoutModel.OnPost - ModelState is "Valid"
2023-08-03 08:45:02.996 +05:30 [INF] AuthenticationScheme: Identity.Application signed out.
2023-08-03 08:45:02.996 +05:30 [INF] AuthenticationScheme: Identity.External signed out.
2023-08-03 08:45:02.996 +05:30 [INF] AuthenticationScheme: Identity.TwoFactorUserId signed out.
2023-08-03 08:45:02.996 +05:30 [INF] User logged out.
2023-08-03 08:45:02.996 +05:30 [INF] Executed handler method OnPost, returned result Microsoft.AspNetCore.Mvc.LocalRedirectResult.
2023-08-03 08:45:02.997 +05:30 [INF] Executing LocalRedirectResult, redirecting to /.
2023-08-03 08:45:02.997 +05:30 [INF] Executed page /Account/Logout in 3.2306ms
2023-08-03 08:45:02.997 +05:30 [INF] Executed endpoint '/Account/Logout'
2023-08-03 08:45:02.997 +05:30 [INF] Request finished HTTP/1.1 POST http://localhost:5054/Identity/Account/Logout?returnUrl=%2F application/x-www-form-urlencoded 225 - 302 0 - 9.8944ms
2023-08-03 08:45:03.004 +05:30 [INF] Request starting HTTP/1.1 GET http://localhost:5054/ - -
2023-08-03 08:45:03.004 +05:30 [INF] Executing endpoint 'IDM.Controllers.HomeController.Index (IDM)'
2023-08-03 08:45:03.004 +05:30 [INF] Route matched with {action = "Index", controller = "Home", page = "", area = ""}. Executing controller action with signature Microsoft.AspNetCore.Mvc.IActionResult Index() on controller IDM.Controllers.HomeController (IDM).
2023-08-03 08:45:03.005 +05:30 [INF] Executing ViewResult, running view Index.
2023-08-03 08:45:03.007 +05:30 [INF] Executed ViewResult - view Index executed in 2.6199ms.
2023-08-03 08:45:03.008 +05:30 [INF] Executed action IDM.Controllers.HomeController.Index (IDM) in 3.1392ms
2023-08-03 08:45:03.008 +05:30 [INF] Executed endpoint 'IDM.Controllers.HomeController.Index (IDM)'
2023-08-03 08:45:03.008 +05:30 [INF] Request finished HTTP/1.1 GET http://localhost:5054/ - - - 200 - text/html;+charset=utf-8 4.4474ms
2023-08-03 08:45:03.114 +05:30 [INF] Request starting HTTP/1.1 GET http://localhost:5054/_framework/aspnetcore-browser-refresh.js - -
2023-08-03 08:45:03.116 +05:30 [INF] Request finished HTTP/1.1 GET http://localhost:5054/_framework/aspnetcore-browser-refresh.js - - - 200 11966 application/javascript;+charset=utf-8 1.1169ms
2023-08-03 08:45:03.317 +05:30 [INF] Request starting HTTP/1.1 GET http://localhost:5054/Identity/Account/Login - -
2023-08-03 08:45:03.319 +05:30 [INF] Executing endpoint '/Account/Login'
2023-08-03 08:45:03.349 +05:30 [INF] Route matched with {page = "/Account/Login", area = "Identity", action = "", controller = ""}. Executing page /Account/Login
2023-08-03 08:45:03.350 +05:30 [INF] Executing handler method IDM.Areas.Identity.Pages.Account.LoginModel.OnGetAsync - ModelState is "Valid"
2023-08-03 08:45:03.351 +05:30 [INF] AuthenticationScheme: Identity.External signed out.
2023-08-03 08:45:03.351 +05:30 [INF] Executed handler method OnGetAsync, returned result .
2023-08-03 08:45:03.351 +05:30 [INF] Executing an implicit handler method - ModelState is "Valid"
2023-08-03 08:45:03.351 +05:30 [INF] Executed an implicit handler method, returned result Microsoft.AspNetCore.Mvc.RazorPages.PageResult.
2023-08-03 08:45:03.365 +05:30 [INF] Executed page /Account/Login in 15.0617ms
2023-08-03 08:45:03.365 +05:30 [INF] Executed endpoint '/Account/Login'
2023-08-03 08:45:03.365 +05:30 [INF] Request finished HTTP/1.1 GET http://localhost:5054/Identity/Account/Login - - - 200 - text/html;+charset=utf-8 48.1103ms
2023-08-03 08:45:03.460 +05:30 [INF] Request starting HTTP/1.1 GET http://localhost:5054/Identity/Account/js/jquery.min.js - -
2023-08-03 08:45:03.462 +05:30 [INF] Request finished HTTP/1.1 GET http://localhost:5054/Identity/Account/js/jquery.min.js - - - 404 0 - 1.2624ms
2023-08-03 08:45:03.462 +05:30 [INF] Request starting HTTP/1.1 GET http://localhost:5054/_framework/aspnetcore-browser-refresh.js - -
2023-08-03 08:45:03.463 +05:30 [INF] Request finished HTTP/1.1 GET http://localhost:5054/_framework/aspnetcore-browser-refresh.js - - - 200 11966 application/javascript;+charset=utf-8 0.5784ms
2023-08-03 08:45:03.470 +05:30 [INF] Request starting HTTP/1.1 GET http://localhost:5054/Identity/Account/js/popper.js - -
2023-08-03 08:45:03.471 +05:30 [INF] Request finished HTTP/1.1 GET http://localhost:5054/Identity/Account/js/popper.js - - - 404 0 - 1.2634ms
2023-08-03 08:45:03.472 +05:30 [INF] Request starting HTTP/1.1 GET http://localhost:5054/Identity/Account/js/main.js - -
2023-08-03 08:45:03.472 +05:30 [INF] Request starting HTTP/1.1 GET http://localhost:5054/Identity/Account/js/bootstrap.min.js - -
2023-08-03 08:45:03.473 +05:30 [INF] Request finished HTTP/1.1 GET http://localhost:5054/Identity/Account/js/main.js - - - 404 0 - 1.2964ms
2023-08-03 08:45:03.473 +05:30 [INF] Request finished HTTP/1.1 GET http://localhost:5054/Identity/Account/js/bootstrap.min.js - - - 404 0 - 1.0532ms
2023-08-03 08:45:16.065 +05:30 [INF] Request starting HTTP/1.1 POST http://localhost:5054/Identity/Account/Login application/x-www-form-urlencoded 291
2023-08-03 08:45:16.066 +05:30 [INF] Executing endpoint '/Account/Login'
2023-08-03 08:45:16.066 +05:30 [INF] Route matched with {page = "/Account/Login", area = "Identity", action = "", controller = ""}. Executing page /Account/Login
2023-08-03 08:45:16.069 +05:30 [INF] Executing handler method IDM.Areas.Identity.Pages.Account.LoginModel.OnPostAsync - ModelState is "Valid"
2023-08-03 08:45:16.293 +05:30 [INF] Executed DbCommand (221ms) [Parameters=[@__normalizedUserName_0='?' (Size = 256)], CommandType='"Text"', CommandTimeout='30']
SELECT TOP(1) [a].[Id], [a].[AccessFailedCount], [a].[ConcurrencyStamp], [a].[Email], [a].[EmailConfirmed], [a].[LockoutEnabled], [a].[LockoutEnd], [a].[NormalizedEmail], [a].[NormalizedUserName], [a].[PasswordHash], [a].[PhoneNumber], [a].[PhoneNumberConfirmed], [a].[SecurityStamp], [a].[TwoFactorEnabled], [a].[UserName]
FROM [AspNetUsers] AS [a]
WHERE [a].[NormalizedUserName] = @__normalizedUserName_0
2023-08-03 08:45:16.432 +05:30 [INF] Executed DbCommand (4ms) [Parameters=[@__user_Id_0='?' (Size = 450)], CommandType='"Text"', CommandTimeout='30']
SELECT [a].[Id], [a].[ClaimType], [a].[ClaimValue], [a].[UserId]
FROM [AspNetUserClaims] AS [a]
WHERE [a].[UserId] = @__user_Id_0
2023-08-03 08:45:16.443 +05:30 [INF] Executed DbCommand (9ms) [Parameters=[@__userId_0='?' (Size = 450)], CommandType='"Text"', CommandTimeout='30']
SELECT [a0].[Name]
FROM [AspNetUserRoles] AS [a]
INNER JOIN [AspNetRoles] AS [a0] ON [a].[RoleId] = [a0].[Id]
WHERE [a].[UserId] = @__userId_0
2023-08-03 08:45:16.450 +05:30 [INF] Executed DbCommand (5ms) [Parameters=[@__normalizedName_0='?' (Size = 256)], CommandType='"Text"', CommandTimeout='30']
SELECT TOP(1) [a].[Id], [a].[ConcurrencyStamp], [a].[Name], [a].[NormalizedName]
FROM [AspNetRoles] AS [a]
WHERE [a].[NormalizedName] = @__normalizedName_0
2023-08-03 08:45:16.462 +05:30 [INF] Executed DbCommand (9ms) [Parameters=[@__role_Id_0='?' (Size = 450)], CommandType='"Text"', CommandTimeout='30']
SELECT [a].[ClaimType], [a].[ClaimValue]
FROM [AspNetRoleClaims] AS [a]
WHERE [a].[RoleId] = @__role_Id_0
2023-08-03 08:45:16.464 +05:30 [INF] AuthenticationScheme: Identity.Application signed in.
2023-08-03 08:45:16.465 +05:30 [INF] User logged in.
2023-08-03 08:45:16.465 +05:30 [INF] Executed handler method OnPostAsync, returned result Microsoft.AspNetCore.Mvc.LocalRedirectResult.
2023-08-03 08:45:16.466 +05:30 [INF] Executing LocalRedirectResult, redirecting to /.
2023-08-03 08:45:16.467 +05:30 [INF] Executed page /Account/Login in 400.3633ms
2023-08-03 08:45:16.467 +05:30 [INF] Executed endpoint '/Account/Login'
2023-08-03 08:45:16.467 +05:30 [INF] Request finished HTTP/1.1 POST http://localhost:5054/Identity/Account/Login application/x-www-form-urlencoded 291 - 302 0 - 401.9050ms
2023-08-03 08:45:16.478 +05:30 [INF] Request starting HTTP/1.1 GET http://localhost:5054/ - -
2023-08-03 08:45:16.480 +05:30 [INF] Executing endpoint 'IDM.Controllers.HomeController.Index (IDM)'
2023-08-03 08:45:16.480 +05:30 [INF] Route matched with {action = "Index", controller = "Home", page = "", area = ""}. Executing controller action with signature Microsoft.AspNetCore.Mvc.IActionResult Index() on controller IDM.Controllers.HomeController (IDM).
2023-08-03 08:45:16.481 +05:30 [INF] Executing ViewResult, running view Index.
2023-08-03 08:45:16.495 +05:30 [INF] Executed ViewResult - view Index executed in 13.584ms.
2023-08-03 08:45:16.495 +05:30 [INF] Executed action IDM.Controllers.HomeController.Index (IDM) in 14.2362ms
2023-08-03 08:45:16.495 +05:30 [INF] Executed endpoint 'IDM.Controllers.HomeController.Index (IDM)'
2023-08-03 08:45:16.496 +05:30 [INF] Request finished HTTP/1.1 GET http://localhost:5054/ - - - 200 - text/html;+charset=utf-8 17.4839ms
2023-08-03 08:45:16.536 +05:30 [INF] Request starting HTTP/1.1 GET http://localhost:5054/_framework/aspnetcore-browser-refresh.js - -
2023-08-03 08:45:16.537 +05:30 [INF] Request finished HTTP/1.1 GET http://localhost:5054/_framework/aspnetcore-browser-refresh.js - - - 200 11966 application/javascript;+charset=utf-8 0.4711ms
2023-08-03 08:45:17.320 +05:30 [INF] Request starting HTTP/1.1 GET http://localhost:5054/Admin/Show - -
2023-08-03 08:45:17.345 +05:30 [INF] Executing endpoint 'IDM.Controllers.AdminController.Show (IDM)'
2023-08-03 08:45:17.360 +05:30 [INF] Route matched with {action = "Show", controller = "Admin", page = "", area = ""}. Executing controller action with signature System.Threading.Tasks.Task`1[Microsoft.AspNetCore.Mvc.IActionResult] Show() on controller IDM.Controllers.AdminController (IDM).
2023-08-03 08:45:17.455 +05:30 [INF] Executed DbCommand (27ms) [Parameters=[], CommandType='"Text"', CommandTimeout='30']
SELECT [e].[Id], [e].[Address], [e].[AdhaarNumber], [e].[DateOfBirth], [e].[Department], [e].[FirstName], [e].[Gender], [e].[LastName], [e].[MobileNumber], [e].[Salary], [e].[email], [e].[userPassword]
FROM [Employee] AS [e]
2023-08-03 08:45:17.577 +05:30 [INF] Executing ViewResult, running view Show.
2023-08-03 08:45:17.626 +05:30 [INF] Executed ViewResult - view Show executed in 53.2624ms.
2023-08-03 08:45:17.627 +05:30 [INF] Executed action IDM.Controllers.AdminController.Show (IDM) in 267.0292ms
2023-08-03 08:45:17.627 +05:30 [INF] Executed endpoint 'IDM.Controllers.AdminController.Show (IDM)'
2023-08-03 08:45:17.628 +05:30 [INF] Request finished HTTP/1.1 GET http://localhost:5054/Admin/Show - - - 200 - text/html;+charset=utf-8 307.8789ms
2023-08-03 08:45:18.025 +05:30 [INF] Request starting HTTP/1.1 GET http://localhost:5054/_framework/aspnetcore-browser-refresh.js - -
2023-08-03 08:45:18.025 +05:30 [INF] Request finished HTTP/1.1 GET http://localhost:5054/_framework/aspnetcore-browser-refresh.js - - - 200 11966 application/javascript;+charset=utf-8 0.5074ms
2023-08-03 08:45:22.798 +05:30 [INF] Request starting HTTP/1.1 GET http://localhost:5054/Admin/Add - -
2023-08-03 08:45:22.803 +05:30 [INF] Executing endpoint 'IDM.Controllers.AdminController.Add (IDM)'
2023-08-03 08:45:22.806 +05:30 [INF] Route matched with {action = "Add", controller = "Admin", page = "", area = ""}. Executing controller action with signature Microsoft.AspNetCore.Mvc.IActionResult Add() on controller IDM.Controllers.AdminController (IDM).
2023-08-03 08:45:22.810 +05:30 [INF] Executing ViewResult, running view Add.
2023-08-03 08:45:22.986 +05:30 [INF] Executed ViewResult - view Add executed in 178.3722ms.
2023-08-03 08:45:22.987 +05:30 [INF] Executed action IDM.Controllers.AdminController.Add (IDM) in 180.0419ms
2023-08-03 08:45:22.987 +05:30 [INF] Executed endpoint 'IDM.Controllers.AdminController.Add (IDM)'
2023-08-03 08:45:22.988 +05:30 [INF] Request finished HTTP/1.1 GET http://localhost:5054/Admin/Add - - - 200 - text/html;+charset=utf-8 190.1036ms
2023-08-03 08:45:23.137 +05:30 [INF] Request starting HTTP/1.1 GET http://localhost:5054/_framework/aspnetcore-browser-refresh.js - -
2023-08-03 08:45:23.138 +05:30 [INF] Request finished HTTP/1.1 GET http://localhost:5054/_framework/aspnetcore-browser-refresh.js - - - 200 11966 application/javascript;+charset=utf-8 0.3961ms
2023-08-03 08:45:28.866 +05:30 [INF] Request starting HTTP/1.1 POST http://localhost:5054/Identity/Account/Logout?returnUrl=%2F application/x-www-form-urlencoded 225
2023-08-03 08:45:28.867 +05:30 [INF] Executing endpoint '/Account/Logout'
2023-08-03 08:45:28.868 +05:30 [INF] Route matched with {page = "/Account/Logout", area = "Identity", action = "", controller = ""}. Executing page /Account/Logout
2023-08-03 08:45:28.869 +05:30 [INF] Executing handler method IDM.Areas.Identity.Pages.Account.LogoutModel.OnPost - ModelState is "Valid"
2023-08-03 08:45:28.870 +05:30 [INF] AuthenticationScheme: Identity.Application signed out.
2023-08-03 08:45:28.870 +05:30 [INF] AuthenticationScheme: Identity.External signed out.
2023-08-03 08:45:28.870 +05:30 [INF] AuthenticationScheme: Identity.TwoFactorUserId signed out.
2023-08-03 08:45:28.870 +05:30 [INF] User logged out.
2023-08-03 08:45:28.870 +05:30 [INF] Executed handler method OnPost, returned result Microsoft.AspNetCore.Mvc.LocalRedirectResult.
2023-08-03 08:45:28.888 +05:30 [INF] Executing LocalRedirectResult, redirecting to /.
2023-08-03 08:45:28.889 +05:30 [INF] Executed page /Account/Logout in 21.2345ms
2023-08-03 08:45:28.890 +05:30 [INF] Executed endpoint '/Account/Logout'
2023-08-03 08:45:28.891 +05:30 [INF] Request finished HTTP/1.1 POST http://localhost:5054/Identity/Account/Logout?returnUrl=%2F application/x-www-form-urlencoded 225 - 302 0 - 24.6723ms
2023-08-03 08:45:28.898 +05:30 [INF] Request starting HTTP/1.1 GET http://localhost:5054/ - -
2023-08-03 08:45:28.899 +05:30 [INF] Executing endpoint 'IDM.Controllers.HomeController.Index (IDM)'
2023-08-03 08:45:28.899 +05:30 [INF] Route matched with {action = "Index", controller = "Home", page = "", area = ""}. Executing controller action with signature Microsoft.AspNetCore.Mvc.IActionResult Index() on controller IDM.Controllers.HomeController (IDM).
2023-08-03 08:45:28.899 +05:30 [INF] Executing ViewResult, running view Index.
2023-08-03 08:45:28.910 +05:30 [INF] Executed ViewResult - view Index executed in 11.2604ms.
2023-08-03 08:45:28.911 +05:30 [INF] Executed action IDM.Controllers.HomeController.Index (IDM) in 11.7902ms
2023-08-03 08:45:28.911 +05:30 [INF] Executed endpoint 'IDM.Controllers.HomeController.Index (IDM)'
2023-08-03 08:45:28.911 +05:30 [INF] Request finished HTTP/1.1 GET http://localhost:5054/ - - - 200 - text/html;+charset=utf-8 13.1978ms
2023-08-03 08:45:28.959 +05:30 [INF] Request starting HTTP/1.1 GET http://localhost:5054/_framework/aspnetcore-browser-refresh.js - -
2023-08-03 08:45:28.959 +05:30 [INF] Request finished HTTP/1.1 GET http://localhost:5054/_framework/aspnetcore-browser-refresh.js - - - 200 11966 application/javascript;+charset=utf-8 0.4010ms
2023-08-03 08:45:29.165 +05:30 [INF] Request starting HTTP/1.1 GET http://localhost:5054/Identity/Account/Login - -
2023-08-03 08:45:29.166 +05:30 [INF] Executing endpoint '/Account/Login'
2023-08-03 08:45:29.166 +05:30 [INF] Route matched with {page = "/Account/Login", area = "Identity", action = "", controller = ""}. Executing page /Account/Login
2023-08-03 08:45:29.169 +05:30 [INF] Executing handler method IDM.Areas.Identity.Pages.Account.LoginModel.OnGetAsync - ModelState is "Valid"
2023-08-03 08:45:29.169 +05:30 [INF] AuthenticationScheme: Identity.External signed out.
2023-08-03 08:45:29.169 +05:30 [INF] Executed handler method OnGetAsync, returned result .
2023-08-03 08:45:29.169 +05:30 [INF] Executing an implicit handler method - ModelState is "Valid"
2023-08-03 08:45:29.170 +05:30 [INF] Executed an implicit handler method, returned result Microsoft.AspNetCore.Mvc.RazorPages.PageResult.
2023-08-03 08:45:29.177 +05:30 [INF] Executed page /Account/Login in 10.2436ms
2023-08-03 08:45:29.177 +05:30 [INF] Executed endpoint '/Account/Login'
2023-08-03 08:45:29.178 +05:30 [INF] Request finished HTTP/1.1 GET http://localhost:5054/Identity/Account/Login - - - 200 - text/html;+charset=utf-8 12.5359ms
2023-08-03 08:45:29.298 +05:30 [INF] Request starting HTTP/1.1 GET http://localhost:5054/Identity/Account/js/jquery.min.js - -
2023-08-03 08:45:29.300 +05:30 [INF] Request finished HTTP/1.1 GET http://localhost:5054/Identity/Account/js/jquery.min.js - - - 404 0 - 1.3173ms
2023-08-03 08:45:29.300 +05:30 [INF] Request starting HTTP/1.1 GET http://localhost:5054/Identity/Account/js/popper.js - -
2023-08-03 08:45:29.301 +05:30 [INF] Request finished HTTP/1.1 GET http://localhost:5054/Identity/Account/js/popper.js - - - 404 0 - 0.8239ms
2023-08-03 08:45:29.308 +05:30 [INF] Request starting HTTP/1.1 GET http://localhost:5054/Identity/Account/js/bootstrap.min.js - -
2023-08-03 08:45:29.308 +05:30 [INF] Request starting HTTP/1.1 GET http://localhost:5054/_framework/aspnetcore-browser-refresh.js - -
2023-08-03 08:45:29.308 +05:30 [INF] Request finished HTTP/1.1 GET http://localhost:5054/_framework/aspnetcore-browser-refresh.js - - - 200 11966 application/javascript;+charset=utf-8 0.3833ms
2023-08-03 08:45:29.309 +05:30 [INF] Request finished HTTP/1.1 GET http://localhost:5054/Identity/Account/js/bootstrap.min.js - - - 404 0 - 0.9962ms
2023-08-03 08:45:29.309 +05:30 [INF] Request starting HTTP/1.1 GET http://localhost:5054/Identity/Account/js/main.js - -
2023-08-03 08:45:29.310 +05:30 [INF] Request finished HTTP/1.1 GET http://localhost:5054/Identity/Account/js/main.js - - - 404 0 - 0.6362ms
